
<<<<<<< HEAD
7월 12, 2022 14:11:10.220 NEW SESSION
7월 12, 2022 14:11:10.220 [13032:10464:0712/141110.219:ERROR:device_event_log_impl.cc(214)] [14:11:10.219] Bluetooth: bluetooth_adapter_winrt.cc:1074 Getting Default Adapter failed.
7월 12, 2022 14:12:08.148 [13032:9620:0712/141208.148:ERROR:util.cc(127)] Can't create base directory: C:\Program Files\Google\GoogleUpdater
7월 12, 2022 14:17:11.46 [8880:10208:0712/141711.046:ERROR:device_event_log_impl.cc(214)] [14:17:11.045] Bluetooth: bluetooth_adapter_winrt.cc:1074 Getting Default Adapter failed.

7월 12, 2022 14:28:56.450 NEW SESSION
7월 12, 2022 14:28:56.450 [6948:13276:0712/142856.449:ERROR:device_event_log_impl.cc(214)] [14:28:56.449] Bluetooth: bluetooth_adapter_winrt.cc:1074 Getting Default Adapter failed.
7월 12, 2022 14:29:54.270 [6948:7348:0712/142954.270:ERROR:util.cc(127)] Can't create base directory: C:\Program Files\Google\GoogleUpdater
7월 12, 2022 14:33:45.553 [5624:5944:0712/143345.553:ERROR:device_event_log_impl.cc(214)] [14:33:45.553] Bluetooth: bluetooth_adapter_winrt.cc:1074 Getting Default Adapter failed.

7월 12, 2022 16:29:49.452 NEW SESSION
7월 12, 2022 16:29:49.452 [964:7844:0712/162949.451:ERROR:device_event_log_impl.cc(214)] [16:29:49.451] Bluetooth: bluetooth_adapter_winrt.cc:1074 Getting Default Adapter failed.
7월 12, 2022 16:30:47.322 [964:7556:0712/163047.322:ERROR:util.cc(127)] Can't create base directory: C:\Program Files\Google\GoogleUpdater
7월 12, 2022 16:33:38.434 [8756:11680:0712/163338.434:ERROR:device_event_log_impl.cc(214)] [16:33:38.434] Bluetooth: bluetooth_adapter_winrt.cc:1074 Getting Default Adapter failed.
7월 12, 2022 16:35:35.420 [8772:8704:0712/163535.420:ERROR:device_event_log_impl.cc(214)] [16:35:35.420] Bluetooth: bluetooth_adapter_winrt.cc:1074 Getting Default Adapter failed.
7월 12, 2022 16:36:33.280 [8772:9028:0712/163633.280:ERROR:util.cc(127)] Can't create base directory: C:\Program Files\Google\GoogleUpdater
7월 12, 2022 16:41:02.503 [11556:6496:0712/164102.503:ERROR:device_event_log_impl.cc(214)] [16:41:02.503] Bluetooth: bluetooth_adapter_winrt.cc:1074 Getting Default Adapter failed.
7월 12, 2022 16:42:00.389 [11556:3592:0712/164200.389:ERROR:util.cc(127)] Can't create base directory: C:\Program Files\Google\GoogleUpdater
7월 12, 2022 16:45:33.476 [10432:2832:0712/164533.476:ERROR:device_event_log_impl.cc(214)] [16:45:33.476] Bluetooth: bluetooth_adapter_winrt.cc:1074 Getting Default Adapter failed.
7월 12, 2022 16:46:47.945 [10728:11724:0712/164647.945:ERROR:device_event_log_impl.cc(214)] [16:46:47.945] Bluetooth: bluetooth_adapter_winrt.cc:1074 Getting Default Adapter failed.
7월 12, 2022 16:49:11.641 [12664:8256:0712/164911.641:ERROR:device_event_log_impl.cc(214)] [16:49:11.641] Bluetooth: bluetooth_adapter_winrt.cc:1074 Getting Default Adapter failed.
7월 12, 2022 16:50:09.472 [12664:12828:0712/165009.472:ERROR:util.cc(127)] Can't create base directory: C:\Program Files\Google\GoogleUpdater

7월 13, 2022 13:50:03.488 NEW SESSION
7월 13, 2022 13:50:03.488 [12792:3696:0713/135003.487:ERROR:device_event_log_impl.cc(214)] [13:50:03.487] Bluetooth: bluetooth_adapter_winrt.cc:1074 Getting Default Adapter failed.
7월 13, 2022 14:10:42.425 [7600:6424:0713/141042.425:ERROR:device_event_log_impl.cc(214)] [14:10:42.425] Bluetooth: bluetooth_adapter_winrt.cc:1074 Getting Default Adapter failed.
7월 13, 2022 14:11:35.259 [15272:1220:0713/141135.259:ERROR:device_event_log_impl.cc(214)] [14:11:35.259] Bluetooth: bluetooth_adapter_winrt.cc:1074 Getting Default Adapter failed.
7월 13, 2022 14:12:33.139 [15272:12088:0713/141233.139:ERROR:util.cc(127)] Can't create base directory: C:\Program Files\Google\GoogleUpdater
7월 13, 2022 14:26:15.723 [10560:6152:0713/142615.722:ERROR:device_event_log_impl.cc(214)] [14:26:15.722] Bluetooth: bluetooth_adapter_winrt.cc:1074 Getting Default Adapter failed.
7월 13, 2022 14:27:13.599 [10560:12204:0713/142713.598:ERROR:util.cc(127)] Can't create base directory: C:\Program Files\Google\GoogleUpdater
7월 13, 2022 14:29:49.964 [13624:12136:0713/142949.964:ERROR:device_event_log_impl.cc(214)] [14:29:49.964] Bluetooth: bluetooth_adapter_winrt.cc:1074 Getting Default Adapter failed.
7월 13, 2022 14:30:47.850 [13624:10840:0713/143047.849:ERROR:util.cc(127)] Can't create base directory: C:\Program Files\Google\GoogleUpdater
7월 13, 2022 14:44:41.133 [12816:13672:0713/144441.132:ERROR:device_event_log_impl.cc(214)] [14:44:41.133] Bluetooth: bluetooth_adapter_winrt.cc:1074 Getting Default Adapter failed.
7월 13, 2022 14:46:06.40 [1452:4500:0713/144606.040:ERROR:device_event_log_impl.cc(214)] [14:46:06.040] Bluetooth: bluetooth_adapter_winrt.cc:1074 Getting Default Adapter failed.
7월 13, 2022 14:47:03.910 [1452:2568:0713/144703.909:ERROR:util.cc(127)] Can't create base directory: C:\Program Files\Google\GoogleUpdater
7월 13, 2022 16:41:40.168 [11600:3848:0713/164140.168:ERROR:device_event_log_impl.cc(214)] [16:41:40.168] Bluetooth: bluetooth_adapter_winrt.cc:1074 Getting Default Adapter failed.
7월 13, 2022 16:42:38.107 [11600:12992:0713/164238.107:ERROR:util.cc(127)] Can't create base directory: C:\Program Files\Google\GoogleUpdater
7월 13, 2022 16:47:13.918 [6588:12280:0713/164713.918:ERROR:device_event_log_impl.cc(214)] [16:47:13.918] Bluetooth: bluetooth_adapter_winrt.cc:1074 Getting Default Adapter failed.
7월 13, 2022 16:52:32.196 [7776:14580:0713/165232.196:ERROR:device_event_log_impl.cc(214)] [16:52:32.196] Bluetooth: bluetooth_adapter_winrt.cc:1074 Getting Default Adapter failed.
7월 13, 2022 16:53:30.36 [7776:8900:0713/165330.035:ERROR:util.cc(127)] Can't create base directory: C:\Program Files\Google\GoogleUpdater
7월 13, 2022 16:54:15.158 [6220:9320:0713/165415.158:ERROR:device_event_log_impl.cc(214)] [16:54:15.158] Bluetooth: bluetooth_adapter_winrt.cc:1074 Getting Default Adapter failed.
7월 13, 2022 16:55:13.37 [6220:14636:0713/165513.037:ERROR:util.cc(127)] Can't create base directory: C:\Program Files\Google\GoogleUpdater
7월 13, 2022 16:59:00.08 [7028:6740:0713/165900.008:ERROR:device_event_log_impl.cc(214)] [16:59:00.008] Bluetooth: bluetooth_adapter_winrt.cc:1074 Getting Default Adapter failed.
7월 13, 2022 16:59:57.897 [7028:8020:0713/165957.897:ERROR:util.cc(127)] Can't create base directory: C:\Program Files\Google\GoogleUpdater
=======
7월 13, 2022 24:17:10.866 NEW SESSION
7월 13, 2022 24:17:10.866 [13696:12624:0713/001710.865:ERROR:device_event_log_impl.cc(214)] [00:17:10.865] USB: usb_device_handle_win.cc:1048 Failed to read descriptor from node connection: 시스템에 부착된 장치가 작동하지 않습니다. (0x1F)
7월 13, 2022 24:17:10.867 [13696:12624:0713/001710.865:ERROR:device_event_log_impl.cc(214)] [00:17:10.866] USB: usb_device_handle_win.cc:1048 Failed to read descriptor from node connection: 시스템에 부착된 장치가 작동하지 않습니다. (0x1F)
7월 13, 2022 24:24:46.861 [6992:3216:0713/002446.861:ERROR:device_event_log_impl.cc(214)] [00:24:46.861] USB: usb_device_handle_win.cc:1048 Failed to read descriptor from node connection: 시스템에 부착된 장치가 작동하지 않습니다. (0x1F)
7월 13, 2022 24:24:46.866 [6992:3216:0713/002446.861:ERROR:device_event_log_impl.cc(214)] [00:24:46.861] USB: usb_device_handle_win.cc:1048 Failed to read descriptor from node connection: 시스템에 부착된 장치가 작동하지 않습니다. (0x1F)
>>>>>>> 5a19756a266cbafc290babf96cc1f00a9cf178af
